# Журнал изменений

Формат версий: `MAJOR.MINOR.PATCH`.

Правила повышения версии:

- `PATCH` - небольшое исправление, баг, правка без изменения логики.
- `MINOR` - изменение логики, процесса или крупное изменение в нескольких файлах без нарушения совместимости.
- `MAJOR` - изменение несовместимо с предыдущим поведением или требует ручной миграции.

## 0.2.0 - 2026-04-23

Тип изменения: `MINOR`.

Ветка: `TRADE-004`.

Изменения:

- Реализована гибридная RAG-память на Qdrant для биржевых трейдеров.
- Добавлен модуль `hybrid_rag.py` с embeddings, Qdrant-клиентом, индексатором сделок и новостей.
- Переписан `ai_memory_indexer.py` в безопасный CLI-индексатор.
- В prompt биржевых трейдеров добавлен компактный `HYBRID RAG CONTEXT`.
- Добавлен wrapper `run_ai_memory_indexer.sh`.
- Настроен cron-refresh Qdrant каждые 15 минут в торговые часы.
- Добавлен smoke-тест `tests/run_hybrid_rag_smoke.sh`.
- Настроены guardrails: stable UUID, source_hash с учетом embeddings-provider, idempotent upsert, TTL новостей, лимит размера RAG-блока.
- Индексатор очищает устаревшие точки Qdrant вне актуального окна индексации.

## 0.1.2 - 2026-04-23

Тип изменения: `PATCH`.

Ветка: `TRADE-003`.

Изменения:

- Добавлена справка по именам PostgreSQL-баз торговой системы.
- Зафиксированы основная биржевая БД `market_research` и крипто-БД `crypto_research`.
- Уточнено, что торговые таблицы лежат в схеме `trading`.
- Справка сохранена для восстановления операционного контекста.

## 0.1.1 - 2026-04-23

Тип изменения: `PATCH`.

Ветка: `TRADE-002`.

Изменения:

- Очищена домашняя папка после переноса проекта в `/home/user/trade`.
- Удалены точные дубликаты tracked-файлов торгового проекта из `/home/user`.
- Старые отличающиеся версии проектных файлов перенесены в `/home/user/trade_legacy_related_20260423`.
- Старые связанные trading-related файлы перенесены в архивную папку.
- В архивной папке создан `README.md` и manifest-файлы.
- Runtime/data и файлы с внешними ссылками оставлены на месте.

## 0.1.0 - 2026-04-23

Тип изменения: `MINOR`.

Ветка: `TRADE-001`.

Изменения:

- Введен рабочий процесс через отдельные ветки `TRADE-*`.
- Добавлен обязательный порядок: обновить `master`, создать ветку, внести изменения, закоммитить, слить в `master`.
- Введен формат сообщения коммита: `ИМЯ_ВЕТКИ - краткое описание на русском до 8 слов`.
- Добавлен файл версии `VERSION`.
- Добавлено правило ведения `change.log`.
- Добавлено правило русскоязычной документации в `docs`.
